<?xml version="1.0" encoding="UTF-8"?>
<testng-results skipped="0" failed="0" ignored="0" total="1" passed="1">
  <reporter-output>
  </reporter-output>
  <suite name="Default suite" duration-ms="4214" started-at="2021-04-02T16:37:13 IST" finished-at="2021-04-02T16:37:17 IST">
    <groups>
      <group name="cucumber">
        <method signature="AbstractTestNGCucumberTests.runScenario(cucumber.api.testng.PickleEventWrapper, cucumber.api.testng.CucumberFeatureWrapper)[pri:0, instance:runner.RunLogin@3dfc5fb8]" name="runScenario" class="cucumber.api.testng.AbstractTestNGCucumberTests"/>
      </group> <!-- cucumber -->
    </groups>
    <test name="Default test" duration-ms="4214" started-at="2021-04-02T16:37:13 IST" finished-at="2021-04-02T16:37:17 IST">
      <class name="runner.RunLogin">
        <test-method status="PASS" signature="setUpClass()[pri:0, instance:runner.RunLogin@3dfc5fb8]" name="setUpClass" is-config="true" duration-ms="110" started-at="2021-04-02T16:37:13 IST" finished-at="2021-04-02T16:37:13 IST">
          <reporter-output>
          </reporter-output>
        </test-method> <!-- setUpClass -->
        <test-method status="PASS" signature="runScenario(cucumber.api.testng.PickleEventWrapper, cucumber.api.testng.CucumberFeatureWrapper)[pri:0, instance:runner.RunLogin@3dfc5fb8]" name="runScenario" duration-ms="4004" started-at="2021-04-02T16:37:13 IST" description="Runs Cucumber Scenarios" data-provider="scenarios" finished-at="2021-04-02T16:37:17 IST">
          <params>
            <param index="0">
              <value>
                <![CDATA["Login into the application using DataTable"]]>
              </value>
            </param>
            <param index="1">
              <value>
                <![CDATA["Leaftaps Login Functionality"]]>
              </value>
            </param>
          </params>
          <reporter-output>
          </reporter-output>
        </test-method> <!-- runScenario -->
        <test-method status="PASS" signature="tearDownClass()[pri:0, instance:runner.RunLogin@3dfc5fb8]" name="tearDownClass" is-config="true" duration-ms="54" started-at="2021-04-02T16:37:17 IST" finished-at="2021-04-02T16:37:17 IST">
          <reporter-output>
          </reporter-output>
        </test-method> <!-- tearDownClass -->
      </class> <!-- runner.RunLogin -->
    </test> <!-- Default test -->
  </suite> <!-- Default suite -->
</testng-results>
