<?xml version="1.0" encoding="UTF-8"?>
<testng-results ignored="0" total="1" passed="1" failed="0" skipped="0">
  <reporter-output>
  </reporter-output>
  <suite started-at="2021-03-11T23:00:38 IST" name="Default suite" finished-at="2021-03-11T23:00:57 IST" duration-ms="19450">
    <groups>
      <group name="cucumber">
        <method signature="AbstractTestNGCucumberTests.runScenario(cucumber.api.testng.PickleEventWrapper, cucumber.api.testng.CucumberFeatureWrapper)[pri:0, instance:runner.RunLogin@71def8f8]" name="runScenario" class="cucumber.api.testng.AbstractTestNGCucumberTests"/>
      </group> <!-- cucumber -->
    </groups>
    <test started-at="2021-03-11T23:00:38 IST" name="Default test" finished-at="2021-03-11T23:00:57 IST" duration-ms="19450">
      <class name="runner.RunLogin">
        <test-method is-config="true" signature="setUpClass()[pri:0, instance:runner.RunLogin@71def8f8]" started-at="2021-03-11T23:00:38 IST" name="setUpClass" finished-at="2021-03-11T23:00:38 IST" duration-ms="104" status="PASS">
          <reporter-output>
          </reporter-output>
        </test-method> <!-- setUpClass -->
        <test-method signature="runScenario(cucumber.api.testng.PickleEventWrapper, cucumber.api.testng.CucumberFeatureWrapper)[pri:0, instance:runner.RunLogin@71def8f8]" started-at="2021-03-11T23:00:38 IST" name="runScenario" description="Runs Cucumber Scenarios" data-provider="scenarios" finished-at="2021-03-11T23:00:57 IST" duration-ms="19276" status="PASS">
          <params>
            <param index="0">
              <value>
                <![CDATA["Login into the application using DataTable"]]>
              </value>
            </param>
            <param index="1">
              <value>
                <![CDATA["Leaftaps Login Functionality"]]>
              </value>
            </param>
          </params>
          <reporter-output>
          </reporter-output>
        </test-method> <!-- runScenario -->
        <test-method is-config="true" signature="tearDownClass()[pri:0, instance:runner.RunLogin@71def8f8]" started-at="2021-03-11T23:00:57 IST" name="tearDownClass" finished-at="2021-03-11T23:00:57 IST" duration-ms="22" status="PASS">
          <reporter-output>
          </reporter-output>
        </test-method> <!-- tearDownClass -->
      </class> <!-- runner.RunLogin -->
    </test> <!-- Default test -->
  </suite> <!-- Default suite -->
</testng-results>
